* using log directory 'C:/Users/simonh/Documents/Software/r4mfcl/trunk/R4MFCL.src/R4MFCL.Rcheck'
* using R version 3.0.1 Patched (2013-09-13 r63932)
* using platform: i386-w64-mingw32 (32-bit)
* using session charset: ISO8859-1
* checking for file 'R4MFCL/DESCRIPTION' ... OK
* this is package 'R4MFCL' version '0.2'
* checking package namespace information ... OK
* checking package dependencies ... OK
* checking if this is a source package ... OK
* checking if there is a namespace ... OK
* checking for executable files ... OK
* checking for hidden files and directories ... NOTE
Found the following hidden files and directories:
  R/.Rhistory
These were most likely included in error. See section 'Package
structure' in the 'Writing R Extensions' manual.
* checking for portable file names ... OK
* checking whether package 'R4MFCL' can be installed ... OK
* checking installed package size ... OK
* checking package directory ... OK
* checking DESCRIPTION meta-information ... OK
* checking top-level files ... OK
* checking for left-over files ... OK
* checking index information ... OK
* checking package subdirectories ... OK
* checking R files for non-ASCII characters ... OK
* checking R files for syntax errors ... OK
* checking whether the package can be loaded ... OK
* checking whether the package can be loaded with stated dependencies ... OK
* checking whether the package can be unloaded cleanly ... OK
* checking whether the namespace can be loaded with stated dependencies ... OK
* checking whether the namespace can be unloaded cleanly ... OK
* checking dependencies in R code ... WARNING
'library' or 'require' call not declared from: 'RODBC'
See the information on DESCRIPTION files in the chapter 'Creating R
packages' of the 'Writing R Extensions' manual.
* checking S3 generic/method consistency ... WARNING
merge:
  function(x, y, ...)
merge.frq:
  function(frq.obj, oldf, newf, mergelf)

merge:
  function(x, y, ...)
merge.tag:
  function(tag.obj, oldf, newf)

sort:
  function(x, decreasing, ...)
sort.frq:
  function(frq.obj)

plot:
  function(x, ...)
plot.F.time:
  function(plotdir, plotrep, inifile, plotname, plottype, COL)

plot:
  function(x, ...)
plot.Kobe:
  function(plotdir, plotrep, type, plotname, plottype, COL)

plot:
  function(x, ...)
plot.Kobe.template.bw:
  function(Type)

plot:
  function(x, ...)
plot.Kobe.template.col:
  function(Type)

plot:
  function(x, ...)
plot.base.comparison:
  function(baseres, labs)

plot:
  function(x, ...)
plot.biomass:
  function(plotdir, plotrep, varfile, type, plotname, plottype)

plot:
  function(x, ...)
plot.biomass.combined:
  function(plotdir, plotrep, varfile, type, plotname, plottype)

plot:
  function(x, ...)
plot.fishery.impact.r:
  function(plotdir, type, plotrep, impnames, plotname, plottype, COL)

plot:
  function(x, ...)
plot.nofishing:
  function(plotdir, plotrep, type, plotname, plottype, COL)

plot:
  function(x, ...)
plot.nofishing.combined:
  function(plotdir, plotrep, type, plotname, plottype, COL)

plot:
  function(x, ...)
plot.pacific.WCPFC:
  function(plot_title, lims)

plot:
  function(x, ...)
plot.pacific.species:
  function(plot_title, uselims, add.WCPFC, add.EPO, sp, add.EEZ,
           eez_file)

plot:
  function(x, ...)
plot.recruitment:
  function(plotdir, plotrep, varfile, plotname, plottype)

plot:
  function(x, ...)
plot.recruitment.combined:
  function(plotdir, plotrep, varfile, plotname, plottype)

See section 'Generic functions and methods' of the 'Writing R
Extensions' manual.
* checking replacement functions ... OK
* checking foreign function calls ... OK
* checking R code for possible problems ... NOTE
map_all_pacific: warning in map("world2Hires", region = c("USA",
  "Hawaii", "Mexico", "Japan", "China", "South Korea", "North Korea",
  "Philippines", "Vietnam", "Laos", "Taiwan", "Fiji", "Vanuatu",
  "Malaysia", "Australia", "New Zealand", "Indonesia", "New Caledonia",
  "Papua New Guinea", "Solomon Islands"), fill = T, add = T, yaxt =
  "n", xaxt = "n", col = "black", density = 50): partial argument match
  of 'region' to 'regions'
plot.pacific.WCPFC: warning in map("world2Hires", region = c("USA",
  "Hawaii", "Mexico", "Japan", "China", "South Korea", "North Korea",
  "Philippines", "Vietnam", "Laos", "Taiwan", "Fiji", "Vanuatu",
  "Malaysia", "Australia", "New Zealand", "Indonesia", "New Caledonia",
  "Papua New Guinea", "Solomon Islands"), fill = T, add = T, yaxt =
  "n", xaxt = "n", col = "black", density = 50): partial argument match
  of 'region' to 'regions'
plot.pacific.species: warning in map("world2Hires", region = c("USA",
  "Hawaii", "Mexico", "Japan", "China", "South Korea", "North Korea",
  "Philippines", "Vietnam", "Laos", "Taiwan", "Fiji", "Vanuatu",
  "Malaysia", "Burma", "Thailand", "Cambodia", "Australia", "New
  Zealand", "Indonesia", "New Caledonia", "Papua New Guinea", "Solomon
  Islands", "Mongolia"), fill = T, add = T, yaxt = "n", xaxt = "n", col
  = "black", density = 50): partial argument match of 'region' to
  'regions'
plot.pacific.species: warning in map("world2Hires", region =
  c("Colombia", "Chile", "Peru", "Ecuador", "Argentina", "Honduras",
  "Nicaragua", "Guatemala", "Belize", "Brazil", "Costa Rica", "Panama",
  "El Salvador", "Cuba", "Venezuela", "Bolivia", "Paraguay", "Haiti",
  "Dominican Republic", "Jamaica", "Canada"), fill = T, add = T, yaxt =
  "n", xaxt = "n", col = "black", density = 50): partial argument match
  of 'region' to 'regions'
add.cpue.frq: no visible binding for global variable 'out.data'
carry.effort.frq: no visible binding for global variable 'out.data'
clean.lfdata: no visible binding for global variable 'lfd'
compare.size.frq: no visible global function definition for 'pngfile'
compare.size.frq: no visible global function definition for 'jpegfile'
condor.go: no visible binding for global variable 'condor_files'
condor.go2: no visible binding for global variable 'suball'
condor.go2: no visible binding for global variable 'condor_files'
convert.frq.ver6: no visible binding for global variable 'frq'
frq.remove.size.or.weight.data: no visible binding for global variable
  'test.data'
get.critical.age: no visible binding for global variable 'Base.rep'
get.length.output: no visible binding for global variable 'lfdata'
get.length.output: no visible binding for global variable 'region'
get.length.output: no visible binding for global variable 'strat'
get.tag.structure: no visible global function definition for 'getnums'
get.tag.structure: no visible global function definition for 'scanText'
get.weight.output: no visible binding for global variable 'wtdata'
get.weight.output: no visible binding for global variable 'region'
labels_store: no visible binding for global variable 'basecase.labels'
load.LFdata: no visible global function definition for
  'odbcDriverConnect'
load.LFdata: no visible global function definition for 'sqlTables'
load.LFdata: no visible global function definition for 'odbcGetInfo'
load.LFdata: no visible global function definition for 'sqlQuery'
make.projection.betyft.frq: no visible binding for global variable
  'base.frq'
plot.Kobe: no visible binding for global variable 'test'
plot.biomass: no visible binding for global variable 'test'
plot.biomass.combined: no visible binding for global variable 'test'
plot.fishery.impact.r: no visible binding for global variable 'testq0'
plot.fishery.impact.r: no visible binding for global variable
  'fish.ann'
plot.fishery.impact.r: no visible binding for global variable
  'nofish.ann'
plot.nofishing: no visible binding for global variable 'testq0'
plot.nofishing.combined: no visible binding for global variable
  'testq0'
plot.recruitment: no visible binding for global variable 'test'
plot.recruitment.combined: no visible binding for global variable
  'test'
read.ini: no visible global function definition for 'scanText'
reconstruct.frq.ce: no visible binding for global variable 'out.data'
retro.frq: no visible binding for global variable 'yr'
run.profile: no visible global function definition for
  'gocondor.commandline.alb'
setup.cpue: no visible binding for global variable 'psfshries'
setup.growth: no visible binding for global variable 'fixVB'
setup.growth: no visible binding for global variable 'startVB'
* checking Rd files ... WARNING
prepare_Rd: Convert.frq.ver6.Rd:20-22: Dropping empty section \details
prepare_Rd: Convert.frq.ver6.Rd:23-29: Dropping empty section \value
prepare_Rd: Convert.frq.ver6.Rd:37-39: Dropping empty section \note
prepare_Rd: Convert.frq.ver6.Rd:30-32: Dropping empty section \references
prepare_Rd: Convert.frq.ver6.Rd:43-45: Dropping empty section \seealso
prepare_Rd: add.catch.frq.Rd:31-33: Dropping empty section \details
prepare_Rd: add.catch.frq.Rd:34-40: Dropping empty section \value
prepare_Rd: add.catch.frq.Rd:48-50: Dropping empty section \note
prepare_Rd: add.catch.frq.Rd:41-43: Dropping empty section \references
prepare_Rd: add.catch.frq.Rd:54-56: Dropping empty section \seealso
prepare_Rd: add.cpue.frq.Rd:30-32: Dropping empty section \details
prepare_Rd: add.cpue.frq.Rd:33-39: Dropping empty section \value
prepare_Rd: add.cpue.frq.Rd:47-49: Dropping empty section \note
prepare_Rd: add.cpue.frq.Rd:40-42: Dropping empty section \references
prepare_Rd: add.cpue.frq.Rd:53-55: Dropping empty section \seealso
prepare_Rd: add.flag.Rd:32-34: Dropping empty section \details
prepare_Rd: add.flag.Rd:35-41: Dropping empty section \value
prepare_Rd: add.flag.Rd:49-51: Dropping empty section \note
prepare_Rd: add.flag.Rd:42-44: Dropping empty section \references
prepare_Rd: add.flag.Rd:55-57: Dropping empty section \seealso
prepare_Rd: carry.effort.frq.Rd:26-28: Dropping empty section \details
prepare_Rd: carry.effort.frq.Rd:29-35: Dropping empty section \value
prepare_Rd: carry.effort.frq.Rd:43-45: Dropping empty section \note
prepare_Rd: carry.effort.frq.Rd:36-38: Dropping empty section \references
prepare_Rd: carry.effort.frq.Rd:49-51: Dropping empty section \seealso
prepare_Rd: change.fishflag.Rd:7-9: Dropping empty section \description
prepare_Rd: change.fishflag.Rd:28-30: Dropping empty section \details
prepare_Rd: change.fishflag.Rd:31-37: Dropping empty section \value
prepare_Rd: change.fishflag.Rd:45-47: Dropping empty section \note
prepare_Rd: change.fishflag.Rd:38-40: Dropping empty section \references
prepare_Rd: change.fishflag.Rd:51-53: Dropping empty section \seealso
checkRd: (5) change.fishflag.Rd:0-64: Must have a \description
prepare_Rd: change.flag.Rd:7-9: Dropping empty section \description
prepare_Rd: change.flag.Rd:28-30: Dropping empty section \details
prepare_Rd: change.flag.Rd:31-37: Dropping empty section \value
prepare_Rd: change.flag.Rd:45-47: Dropping empty section \note
prepare_Rd: change.flag.Rd:38-40: Dropping empty section \references
prepare_Rd: change.flag.Rd:51-53: Dropping empty section \seealso
checkRd: (5) change.flag.Rd:0-64: Must have a \description
prepare_Rd: change.negflag.Rd:7-9: Dropping empty section \description
prepare_Rd: change.negflag.Rd:28-30: Dropping empty section \details
prepare_Rd: change.negflag.Rd:31-37: Dropping empty section \value
prepare_Rd: change.negflag.Rd:45-47: Dropping empty section \note
prepare_Rd: change.negflag.Rd:38-40: Dropping empty section \references
prepare_Rd: change.negflag.Rd:51-53: Dropping empty section \seealso
checkRd: (5) change.negflag.Rd:0-64: Must have a \description
prepare_Rd: change.size.frq.Rd:7-9: Dropping empty section \description
prepare_Rd: change.size.frq.Rd:31-33: Dropping empty section \details
prepare_Rd: change.size.frq.Rd:34-40: Dropping empty section \value
prepare_Rd: change.size.frq.Rd:48-50: Dropping empty section \note
prepare_Rd: change.size.frq.Rd:41-43: Dropping empty section \references
prepare_Rd: change.size.frq.Rd:54-56: Dropping empty section \seealso
checkRd: (5) change.size.frq.Rd:0-67: Must have a \description
prepare_Rd: change_data.Rd:7-9: Dropping empty section \description
prepare_Rd: change_data.Rd:28-30: Dropping empty section \details
prepare_Rd: change_data.Rd:31-37: Dropping empty section \value
prepare_Rd: change_data.Rd:45-47: Dropping empty section \note
prepare_Rd: change_data.Rd:38-40: Dropping empty section \references
prepare_Rd: change_data.Rd:51-53: Dropping empty section \seealso
checkRd: (5) change_data.Rd:0-64: Must have a \description
prepare_Rd: check.eff.devs.Rd:7-9: Dropping empty section \description
prepare_Rd: check.eff.devs.Rd:28-30: Dropping empty section \details
prepare_Rd: check.eff.devs.Rd:31-37: Dropping empty section \value
prepare_Rd: check.eff.devs.Rd:45-47: Dropping empty section \note
prepare_Rd: check.eff.devs.Rd:38-40: Dropping empty section \references
prepare_Rd: check.eff.devs.Rd:51-53: Dropping empty section \seealso
checkRd: (5) check.eff.devs.Rd:0-64: Must have a \description
prepare_Rd: check_flag_value.Rd:7-9: Dropping empty section \description
prepare_Rd: check_flag_value.Rd:31-33: Dropping empty section \details
prepare_Rd: check_flag_value.Rd:34-40: Dropping empty section \value
prepare_Rd: check_flag_value.Rd:48-50: Dropping empty section \note
prepare_Rd: check_flag_value.Rd:41-43: Dropping empty section \references
prepare_Rd: check_flag_value.Rd:54-56: Dropping empty section \seealso
checkRd: (5) check_flag_value.Rd:0-67: Must have a \description
prepare_Rd: clean.lfdata.Rd:7-9: Dropping empty section \description
prepare_Rd: clean.lfdata.Rd:19-21: Dropping empty section \details
prepare_Rd: clean.lfdata.Rd:22-28: Dropping empty section \value
prepare_Rd: clean.lfdata.Rd:36-38: Dropping empty section \note
prepare_Rd: clean.lfdata.Rd:29-31: Dropping empty section \references
prepare_Rd: clean.lfdata.Rd:42-44: Dropping empty section \seealso
checkRd: (5) clean.lfdata.Rd:0-55: Must have a \description
prepare_Rd: compare.ce.frq.Rd:7-9: Dropping empty section \description
prepare_Rd: compare.ce.frq.Rd:31-33: Dropping empty section \details
prepare_Rd: compare.ce.frq.Rd:34-40: Dropping empty section \value
prepare_Rd: compare.ce.frq.Rd:48-50: Dropping empty section \note
prepare_Rd: compare.ce.frq.Rd:41-43: Dropping empty section \references
prepare_Rd: compare.ce.frq.Rd:54-56: Dropping empty section \seealso
checkRd: (5) compare.ce.frq.Rd:0-67: Must have a \description
prepare_Rd: compare.frq.Rd:7-9: Dropping empty section \description
prepare_Rd: compare.frq.Rd:37-39: Dropping empty section \details
prepare_Rd: compare.frq.Rd:40-46: Dropping empty section \value
prepare_Rd: compare.frq.Rd:54-56: Dropping empty section \note
prepare_Rd: compare.frq.Rd:47-49: Dropping empty section \references
prepare_Rd: compare.frq.Rd:60-62: Dropping empty section \seealso
checkRd: (5) compare.frq.Rd:0-73: Must have a \description
prepare_Rd: compare.size.frq.Rd:7-9: Dropping empty section \description
prepare_Rd: compare.size.frq.Rd:40-42: Dropping empty section \details
prepare_Rd: compare.size.frq.Rd:43-49: Dropping empty section \value
prepare_Rd: compare.size.frq.Rd:57-59: Dropping empty section \note
prepare_Rd: compare.size.frq.Rd:50-52: Dropping empty section \references
prepare_Rd: compare.size.frq.Rd:63-65: Dropping empty section \seealso
checkRd: (5) compare.size.frq.Rd:0-76: Must have a \description
prepare_Rd: compare_par_flags.Rd:26-28: Dropping empty section \details
prepare_Rd: compare_par_flags.Rd:29-35: Dropping empty section \value
prepare_Rd: compare_par_flags.Rd:43-45: Dropping empty section \note
prepare_Rd: compare_par_flags.Rd:36-38: Dropping empty section \references
prepare_Rd: compare_par_flags.Rd:49-51: Dropping empty section \seealso
prepare_Rd: condor.go.Rd:50-52: Dropping empty section \details
prepare_Rd: condor.go.Rd:53-59: Dropping empty section \value
prepare_Rd: condor.go.Rd:67-69: Dropping empty section \note
prepare_Rd: condor.go.Rd:60-62: Dropping empty section \references
prepare_Rd: condor.go.Rd:73-75: Dropping empty section \seealso
prepare_Rd: condor.go2.Rd:47-49: Dropping empty section \details
prepare_Rd: condor.go2.Rd:50-56: Dropping empty section \value
prepare_Rd: condor.go2.Rd:64-66: Dropping empty section \note
prepare_Rd: condor.go2.Rd:57-59: Dropping empty section \references
prepare_Rd: condor.go2.Rd:70-72: Dropping empty section \seealso
prepare_Rd: copy.condor.files.Rd:7-9: Dropping empty section \description
prepare_Rd: copy.condor.files.Rd:22-24: Dropping empty section \details
prepare_Rd: copy.condor.files.Rd:25-31: Dropping empty section \value
prepare_Rd: copy.condor.files.Rd:39-41: Dropping empty section \note
prepare_Rd: copy.condor.files.Rd:32-34: Dropping empty section \references
prepare_Rd: copy.condor.files.Rd:45-47: Dropping empty section \seealso
checkRd: (5) copy.condor.files.Rd:0-58: Must have a \description
prepare_Rd: create.missing.ce.Rd:7-9: Dropping empty section \description
prepare_Rd: create.missing.ce.Rd:25-27: Dropping empty section \details
prepare_Rd: create.missing.ce.Rd:28-34: Dropping empty section \value
prepare_Rd: create.missing.ce.Rd:42-44: Dropping empty section \note
prepare_Rd: create.missing.ce.Rd:35-37: Dropping empty section \references
prepare_Rd: create.missing.ce.Rd:48-50: Dropping empty section \seealso
checkRd: (5) create.missing.ce.Rd:0-61: Must have a \description
prepare_Rd: crit.fishery.summary.Rd:20-22: Dropping empty section \details
prepare_Rd: crit.fishery.summary.Rd:23-29: Dropping empty section \value
prepare_Rd: crit.fishery.summary.Rd:37-39: Dropping empty section \note
prepare_Rd: crit.fishery.summary.Rd:30-32: Dropping empty section \references
prepare_Rd: crit.fishery.summary.Rd:43-45: Dropping empty section \seealso
prepare_Rd: crit.summary.Rd:23-25: Dropping empty section \details
prepare_Rd: crit.summary.Rd:26-32: Dropping empty section \value
prepare_Rd: crit.summary.Rd:40-42: Dropping empty section \note
prepare_Rd: crit.summary.Rd:33-35: Dropping empty section \references
prepare_Rd: crit.summary.Rd:46-48: Dropping empty section \seealso
prepare_Rd: datfromstr.Rd:7-9: Dropping empty section \description
prepare_Rd: datfromstr.Rd:19-21: Dropping empty section \details
prepare_Rd: datfromstr.Rd:22-28: Dropping empty section \value
prepare_Rd: datfromstr.Rd:36-38: Dropping empty section \note
prepare_Rd: datfromstr.Rd:29-31: Dropping empty section \references
prepare_Rd: datfromstr.Rd:42-44: Dropping empty section \seealso
checkRd: (5) datfromstr.Rd:0-55: Must have a \description
prepare_Rd: do.critical.calcs.Rd:24-26: Dropping empty section \details
prepare_Rd: do.critical.calcs.Rd:27-33: Dropping empty section \value
prepare_Rd: do.critical.calcs.Rd:41-43: Dropping empty section \note
prepare_Rd: do.critical.calcs.Rd:34-36: Dropping empty section \references
prepare_Rd: do.critical.calcs.Rd:47-49: Dropping empty section \seealso
prepare_Rd: doit.rm_flag.Rd:7-9: Dropping empty section \description
prepare_Rd: doit.rm_flag.Rd:28-30: Dropping empty section \details
prepare_Rd: doit.rm_flag.Rd:31-37: Dropping empty section \value
prepare_Rd: doit.rm_flag.Rd:45-47: Dropping empty section \note
prepare_Rd: doit.rm_flag.Rd:38-40: Dropping empty section \references
prepare_Rd: doit.rm_flag.Rd:51-53: Dropping empty section \seealso
checkRd: (5) doit.rm_flag.Rd:0-64: Must have a \description
prepare_Rd: effortcreep.Rd:26-28: Dropping empty section \details
prepare_Rd: effortcreep.Rd:29-35: Dropping empty section \value
prepare_Rd: effortcreep.Rd:43-45: Dropping empty section \note
prepare_Rd: effortcreep.Rd:36-38: Dropping empty section \references
prepare_Rd: effortcreep.Rd:49-51: Dropping empty section \seealso
prepare_Rd: fix_growth.Rd:7-9: Dropping empty section \description
prepare_Rd: fix_growth.Rd:19-21: Dropping empty section \details
prepare_Rd: fix_growth.Rd:22-28: Dropping empty section \value
prepare_Rd: fix_growth.Rd:36-38: Dropping empty section \note
prepare_Rd: fix_growth.Rd:29-31: Dropping empty section \references
prepare_Rd: fix_growth.Rd:42-44: Dropping empty section \seealso
checkRd: (5) fix_growth.Rd:0-55: Must have a \description
prepare_Rd: frq.change.nint.Rd:7-9: Dropping empty section \description
prepare_Rd: frq.change.nint.Rd:25-27: Dropping empty section \details
prepare_Rd: frq.change.nint.Rd:28-34: Dropping empty section \value
prepare_Rd: frq.change.nint.Rd:42-44: Dropping empty section \note
prepare_Rd: frq.change.nint.Rd:35-37: Dropping empty section \references
prepare_Rd: frq.change.nint.Rd:48-50: Dropping empty section \seealso
checkRd: (5) frq.change.nint.Rd:0-61: Must have a \description
prepare_Rd: frq.remove.size.or.weight.data.Rd:29-31: Dropping empty section \details
prepare_Rd: frq.remove.size.or.weight.data.Rd:32-38: Dropping empty section \value
prepare_Rd: frq.remove.size.or.weight.data.Rd:46-48: Dropping empty section \note
prepare_Rd: frq.remove.size.or.weight.data.Rd:39-41: Dropping empty section \references
prepare_Rd: frq.remove.size.or.weight.data.Rd:52-54: Dropping empty section \seealso
prepare_Rd: get.critical.age.Rd:21-23: Dropping empty section \details
prepare_Rd: get.critical.age.Rd:24-30: Dropping empty section \value
prepare_Rd: get.critical.age.Rd:38-40: Dropping empty section \note
prepare_Rd: get.critical.age.Rd:31-33: Dropping empty section \references
prepare_Rd: get.critical.age.Rd:44-46: Dropping empty section \seealso
prepare_Rd: get.length.output.Rd:23-25: Dropping empty section \details
prepare_Rd: get.length.output.Rd:26-32: Dropping empty section \value
prepare_Rd: get.length.output.Rd:40-42: Dropping empty section \note
prepare_Rd: get.length.output.Rd:33-35: Dropping empty section \references
prepare_Rd: get.length.output.Rd:46-48: Dropping empty section \seealso
prepare_Rd: get.outcomes.Rd:26-28: Dropping empty section \details
prepare_Rd: get.outcomes.Rd:29-35: Dropping empty section \value
prepare_Rd: get.outcomes.Rd:43-45: Dropping empty section \note
prepare_Rd: get.outcomes.Rd:36-38: Dropping empty section \references
prepare_Rd: get.outcomes.Rd:49-51: Dropping empty section \seealso
prepare_Rd: get.tag.structure.Rd:26-28: Dropping empty section \details
prepare_Rd: get.tag.structure.Rd:29-35: Dropping empty section \value
prepare_Rd: get.tag.structure.Rd:43-45: Dropping empty section \note
prepare_Rd: get.tag.structure.Rd:36-38: Dropping empty section \references
prepare_Rd: get.tag.structure.Rd:49-51: Dropping empty section \seealso
prepare_Rd: get.weight.output.Rd:23-25: Dropping empty section \details
prepare_Rd: get.weight.output.Rd:26-32: Dropping empty section \value
prepare_Rd: get.weight.output.Rd:40-42: Dropping empty section \note
prepare_Rd: get.weight.output.Rd:33-35: Dropping empty section \references
prepare_Rd: get.weight.output.Rd:46-48: Dropping empty section \seealso
prepare_Rd: labels_store.Rd:20-22: Dropping empty section \details
prepare_Rd: labels_store.Rd:23-29: Dropping empty section \value
prepare_Rd: labels_store.Rd:37-39: Dropping empty section \note
prepare_Rd: labels_store.Rd:30-32: Dropping empty section \references
prepare_Rd: labels_store.Rd:43-45: Dropping empty section \seealso
prepare_Rd: load.LFdata.Rd:24-26: Dropping empty section \details
prepare_Rd: load.LFdata.Rd:27-33: Dropping empty section \value
prepare_Rd: load.LFdata.Rd:41-43: Dropping empty section \note
prepare_Rd: load.LFdata.Rd:34-36: Dropping empty section \references
prepare_Rd: load.LFdata.Rd:47-49: Dropping empty section \seealso
prepare_Rd: make.projection.betyft.frq.Rd:26-28: Dropping empty section \details
prepare_Rd: make.projection.betyft.frq.Rd:29-35: Dropping empty section \value
prepare_Rd: make.projection.betyft.frq.Rd:43-45: Dropping empty section \note
prepare_Rd: make.projection.betyft.frq.Rd:36-38: Dropping empty section \references
prepare_Rd: make.projection.betyft.frq.Rd:49-51: Dropping empty section \seealso
prepare_Rd: map_all_pacific.Rd:26-28: Dropping empty section \details
prepare_Rd: map_all_pacific.Rd:29-35: Dropping empty section \value
prepare_Rd: map_all_pacific.Rd:43-45: Dropping empty section \note
prepare_Rd: map_all_pacific.Rd:36-38: Dropping empty section \references
prepare_Rd: map_all_pacific.Rd:49-51: Dropping empty section \seealso
prepare_Rd: merge.frq.Rd:29-31: Dropping empty section \details
prepare_Rd: merge.frq.Rd:32-38: Dropping empty section \value
prepare_Rd: merge.frq.Rd:46-48: Dropping empty section \note
prepare_Rd: merge.frq.Rd:39-41: Dropping empty section \references
prepare_Rd: merge.frq.Rd:52-54: Dropping empty section \seealso
prepare_Rd: merge.tag.Rd:26-28: Dropping empty section \details
prepare_Rd: merge.tag.Rd:29-35: Dropping empty section \value
prepare_Rd: merge.tag.Rd:43-45: Dropping empty section \note
prepare_Rd: merge.tag.Rd:36-38: Dropping empty section \references
prepare_Rd: merge.tag.Rd:49-51: Dropping empty section \seealso
prepare_Rd: merge_tag_objs.Rd:26-28: Dropping empty section \details
prepare_Rd: merge_tag_objs.Rd:29-35: Dropping empty section \value
prepare_Rd: merge_tag_objs.Rd:43-45: Dropping empty section \note
prepare_Rd: merge_tag_objs.Rd:36-38: Dropping empty section \references
prepare_Rd: merge_tag_objs.Rd:49-51: Dropping empty section \seealso
prepare_Rd: pack.fisheries.frq.Rd:20-22: Dropping empty section \details
prepare_Rd: pack.fisheries.frq.Rd:23-29: Dropping empty section \value
prepare_Rd: pack.fisheries.frq.Rd:37-39: Dropping empty section \note
prepare_Rd: pack.fisheries.frq.Rd:30-32: Dropping empty section \references
prepare_Rd: pack.fisheries.frq.Rd:43-45: Dropping empty section \seealso
prepare_Rd: plot.F.time.Rd:35-37: Dropping empty section \details
prepare_Rd: plot.F.time.Rd:38-44: Dropping empty section \value
prepare_Rd: plot.F.time.Rd:52-54: Dropping empty section \note
prepare_Rd: plot.F.time.Rd:45-47: Dropping empty section \references
prepare_Rd: plot.F.time.Rd:58-60: Dropping empty section \seealso
prepare_Rd: plot.Kobe.Rd:35-37: Dropping empty section \details
prepare_Rd: plot.Kobe.Rd:38-44: Dropping empty section \value
prepare_Rd: plot.Kobe.Rd:52-54: Dropping empty section \note
prepare_Rd: plot.Kobe.Rd:45-47: Dropping empty section \references
prepare_Rd: plot.Kobe.Rd:58-60: Dropping empty section \seealso
prepare_Rd: plot.Kobe.template.bw.Rd:20-22: Dropping empty section \details
prepare_Rd: plot.Kobe.template.bw.Rd:23-29: Dropping empty section \value
prepare_Rd: plot.Kobe.template.bw.Rd:37-39: Dropping empty section \note
prepare_Rd: plot.Kobe.template.bw.Rd:30-32: Dropping empty section \references
prepare_Rd: plot.Kobe.template.bw.Rd:43-45: Dropping empty section \seealso
prepare_Rd: plot.Kobe.template.col.Rd:20-22: Dropping empty section \details
prepare_Rd: plot.Kobe.template.col.Rd:23-29: Dropping empty section \value
prepare_Rd: plot.Kobe.template.col.Rd:37-39: Dropping empty section \note
prepare_Rd: plot.Kobe.template.col.Rd:30-32: Dropping empty section \references
prepare_Rd: plot.Kobe.template.col.Rd:43-45: Dropping empty section \seealso
prepare_Rd: plot.base.comparison.Rd:23-25: Dropping empty section \details
prepare_Rd: plot.base.comparison.Rd:26-32: Dropping empty section \value
prepare_Rd: plot.base.comparison.Rd:40-42: Dropping empty section \note
prepare_Rd: plot.base.comparison.Rd:33-35: Dropping empty section \references
prepare_Rd: plot.base.comparison.Rd:46-48: Dropping empty section \seealso
prepare_Rd: plot.biomass.Rd:36-38: Dropping empty section \details
prepare_Rd: plot.biomass.Rd:39-45: Dropping empty section \value
prepare_Rd: plot.biomass.Rd:53-55: Dropping empty section \note
prepare_Rd: plot.biomass.Rd:46-48: Dropping empty section \references
prepare_Rd: plot.biomass.Rd:59-61: Dropping empty section \seealso
prepare_Rd: plot.biomass.combined.Rd:36-38: Dropping empty section \details
prepare_Rd: plot.biomass.combined.Rd:39-45: Dropping empty section \value
prepare_Rd: plot.biomass.combined.Rd:53-55: Dropping empty section \note
prepare_Rd: plot.biomass.combined.Rd:46-48: Dropping empty section \references
prepare_Rd: plot.biomass.combined.Rd:59-61: Dropping empty section \seealso
prepare_Rd: plot.fishery.impact.r.Rd:39-41: Dropping empty section \details
prepare_Rd: plot.fishery.impact.r.Rd:42-48: Dropping empty section \value
prepare_Rd: plot.fishery.impact.r.Rd:56-58: Dropping empty section \note
prepare_Rd: plot.fishery.impact.r.Rd:49-51: Dropping empty section \references
prepare_Rd: plot.fishery.impact.r.Rd:62-64: Dropping empty section \seealso
prepare_Rd: plot.mfcl.betyft09.Rd:7-9: Dropping empty section \description
prepare_Rd: plot.mfcl.betyft09.Rd:19-21: Dropping empty section \details
prepare_Rd: plot.mfcl.betyft09.Rd:22-28: Dropping empty section \value
prepare_Rd: plot.mfcl.betyft09.Rd:36-38: Dropping empty section \note
prepare_Rd: plot.mfcl.betyft09.Rd:29-31: Dropping empty section \references
prepare_Rd: plot.mfcl.betyft09.Rd:42-44: Dropping empty section \seealso
checkRd: (5) plot.mfcl.betyft09.Rd:0-55: Must have a \description
prepare_Rd: plot.nofishing.Rd:7-9: Dropping empty section \description
prepare_Rd: plot.nofishing.Rd:34-36: Dropping empty section \details
prepare_Rd: plot.nofishing.Rd:37-43: Dropping empty section \value
prepare_Rd: plot.nofishing.Rd:51-53: Dropping empty section \note
prepare_Rd: plot.nofishing.Rd:44-46: Dropping empty section \references
prepare_Rd: plot.nofishing.Rd:57-59: Dropping empty section \seealso
checkRd: (5) plot.nofishing.Rd:0-70: Must have a \description
prepare_Rd: plot.nofishing.combined.Rd:35-37: Dropping empty section \details
prepare_Rd: plot.nofishing.combined.Rd:38-44: Dropping empty section \value
prepare_Rd: plot.nofishing.combined.Rd:52-54: Dropping empty section \note
prepare_Rd: plot.nofishing.combined.Rd:45-47: Dropping empty section \references
prepare_Rd: plot.nofishing.combined.Rd:58-60: Dropping empty section \seealso
prepare_Rd: plot.pacific.WCPFC.Rd:23-25: Dropping empty section \details
prepare_Rd: plot.pacific.WCPFC.Rd:26-32: Dropping empty section \value
prepare_Rd: plot.pacific.WCPFC.Rd:40-42: Dropping empty section \note
prepare_Rd: plot.pacific.WCPFC.Rd:33-35: Dropping empty section \references
prepare_Rd: plot.pacific.WCPFC.Rd:46-48: Dropping empty section \seealso
prepare_Rd: plot.pacific.alb.Rd:26-28: Dropping empty section \details
prepare_Rd: plot.pacific.alb.Rd:29-35: Dropping empty section \value
prepare_Rd: plot.pacific.alb.Rd:43-45: Dropping empty section \note
prepare_Rd: plot.pacific.alb.Rd:36-38: Dropping empty section \references
prepare_Rd: plot.pacific.alb.Rd:49-51: Dropping empty section \seealso
prepare_Rd: plot.pacific.skj.Rd:20-22: Dropping empty section \details
prepare_Rd: plot.pacific.skj.Rd:23-29: Dropping empty section \value
prepare_Rd: plot.pacific.skj.Rd:37-39: Dropping empty section \note
prepare_Rd: plot.pacific.skj.Rd:30-32: Dropping empty section \references
prepare_Rd: plot.pacific.skj.Rd:43-45: Dropping empty section \seealso
prepare_Rd: plot.pacific.species.Rd:38-40: Dropping empty section \details
prepare_Rd: plot.pacific.species.Rd:41-47: Dropping empty section \value
prepare_Rd: plot.pacific.species.Rd:55-57: Dropping empty section \note
prepare_Rd: plot.pacific.species.Rd:48-50: Dropping empty section \references
prepare_Rd: plot.pacific.species.Rd:61-63: Dropping empty section \seealso
prepare_Rd: plot.pacific.yft.Rd:26-28: Dropping empty section \details
prepare_Rd: plot.pacific.yft.Rd:29-35: Dropping empty section \value
prepare_Rd: plot.pacific.yft.Rd:43-45: Dropping empty section \note
prepare_Rd: plot.pacific.yft.Rd:36-38: Dropping empty section \references
prepare_Rd: plot.pacific.yft.Rd:49-51: Dropping empty section \seealso
prepare_Rd: plot.recruitment.Rd:33-35: Dropping empty section \details
prepare_Rd: plot.recruitment.Rd:36-42: Dropping empty section \value
prepare_Rd: plot.recruitment.Rd:50-52: Dropping empty section \note
prepare_Rd: plot.recruitment.Rd:43-45: Dropping empty section \references
prepare_Rd: plot.recruitment.Rd:56-58: Dropping empty section \seealso
prepare_Rd: plot.recruitment.combined.Rd:32-34: Dropping empty section \details
prepare_Rd: plot.recruitment.combined.Rd:35-41: Dropping empty section \value
prepare_Rd: plot.recruitment.combined.Rd:49-51: Dropping empty section \note
prepare_Rd: plot.recruitment.combined.Rd:42-44: Dropping empty section \references
prepare_Rd: plot.recruitment.combined.Rd:55-57: Dropping empty section \seealso
prepare_Rd: plot_cpue_cv_frq.Rd:26-28: Dropping empty section \details
prepare_Rd: plot_cpue_cv_frq.Rd:29-35: Dropping empty section \value
prepare_Rd: plot_cpue_cv_frq.Rd:43-45: Dropping empty section \note
prepare_Rd: plot_cpue_cv_frq.Rd:36-38: Dropping empty section \references
prepare_Rd: plot_cpue_cv_frq.Rd:49-51: Dropping empty section \seealso
prepare_Rd: ppath.Rd:23-25: Dropping empty section \details
prepare_Rd: ppath.Rd:26-32: Dropping empty section \value
prepare_Rd: ppath.Rd:40-42: Dropping empty section \note
prepare_Rd: ppath.Rd:33-35: Dropping empty section \references
prepare_Rd: ppath.Rd:46-48: Dropping empty section \seealso
prepare_Rd: read.catchrep.Rd:20-22: Dropping empty section \details
prepare_Rd: read.catchrep.Rd:23-29: Dropping empty section \value
prepare_Rd: read.catchrep.Rd:37-39: Dropping empty section \note
prepare_Rd: read.catchrep.Rd:30-32: Dropping empty section \references
prepare_Rd: read.catchrep.Rd:43-45: Dropping empty section \seealso
prepare_Rd: read.ests.Rd:26-28: Dropping empty section \details
prepare_Rd: read.ests.Rd:29-35: Dropping empty section \value
prepare_Rd: read.ests.Rd:43-45: Dropping empty section \note
prepare_Rd: read.ests.Rd:36-38: Dropping empty section \references
prepare_Rd: read.ests.Rd:49-51: Dropping empty section \seealso
prepare_Rd: read.fit.Rd:20-22: Dropping empty section \details
prepare_Rd: read.fit.Rd:23-29: Dropping empty section \value
prepare_Rd: read.fit.Rd:37-39: Dropping empty section \note
prepare_Rd: read.fit.Rd:30-32: Dropping empty section \references
prepare_Rd: read.fit.Rd:43-45: Dropping empty section \seealso
prepare_Rd: read.frq.Rd:29-31: Dropping empty section \details
prepare_Rd: read.frq.Rd:32-38: Dropping empty section \value
prepare_Rd: read.frq.Rd:46-48: Dropping empty section \note
prepare_Rd: read.frq.Rd:39-41: Dropping empty section \references
prepare_Rd: read.frq.Rd:52-54: Dropping empty section \seealso
prepare_Rd: read.impact.Rd:23-25: Dropping empty section \details
prepare_Rd: read.impact.Rd:26-32: Dropping empty section \value
prepare_Rd: read.impact.Rd:40-42: Dropping empty section \note
prepare_Rd: read.impact.Rd:33-35: Dropping empty section \references
prepare_Rd: read.impact.Rd:46-48: Dropping empty section \seealso
prepare_Rd: read.ini.Rd:20-22: Dropping empty section \details
prepare_Rd: read.ini.Rd:23-29: Dropping empty section \value
prepare_Rd: read.ini.Rd:37-39: Dropping empty section \note
prepare_Rd: read.ini.Rd:30-32: Dropping empty section \references
prepare_Rd: read.ini.Rd:43-45: Dropping empty section \seealso
prepare_Rd: read.par.Rd:20-22: Dropping empty section \details
prepare_Rd: read.par.Rd:23-29: Dropping empty section \value
prepare_Rd: read.par.Rd:37-39: Dropping empty section \note
prepare_Rd: read.par.Rd:30-32: Dropping empty section \references
prepare_Rd: read.par.Rd:43-45: Dropping empty section \seealso
prepare_Rd: read.rep.Rd:20-22: Dropping empty section \details
prepare_Rd: read.rep.Rd:23-29: Dropping empty section \value
prepare_Rd: read.rep.Rd:37-39: Dropping empty section \note
prepare_Rd: read.rep.Rd:30-32: Dropping empty section \references
prepare_Rd: read.rep.Rd:43-45: Dropping empty section \seealso
prepare_Rd: read.tag.Rd:20-22: Dropping empty section \details
prepare_Rd: read.tag.Rd:23-29: Dropping empty section \value
prepare_Rd: read.tag.Rd:37-39: Dropping empty section \note
prepare_Rd: read.tag.Rd:30-32: Dropping empty section \references
prepare_Rd: read.tag.Rd:43-45: Dropping empty section \seealso
prepare_Rd: read.var.Rd:20-22: Dropping empty section \details
prepare_Rd: read.var.Rd:23-29: Dropping empty section \value
prepare_Rd: read.var.Rd:37-39: Dropping empty section \note
prepare_Rd: read.var.Rd:30-32: Dropping empty section \references
prepare_Rd: read.var.Rd:43-45: Dropping empty section \seealso
prepare_Rd: read_nmd.frq.Rd:29-31: Dropping empty section \details
prepare_Rd: read_nmd.frq.Rd:32-38: Dropping empty section \value
prepare_Rd: read_nmd.frq.Rd:46-48: Dropping empty section \note
prepare_Rd: read_nmd.frq.Rd:39-41: Dropping empty section \references
prepare_Rd: read_nmd.frq.Rd:52-54: Dropping empty section \seealso
prepare_Rd: reconstruct.frq.ce.Rd:27-29: Dropping empty section \details
prepare_Rd: reconstruct.frq.ce.Rd:30-36: Dropping empty section \value
prepare_Rd: reconstruct.frq.ce.Rd:44-46: Dropping empty section \note
prepare_Rd: reconstruct.frq.ce.Rd:37-39: Dropping empty section \references
prepare_Rd: reconstruct.frq.ce.Rd:50-52: Dropping empty section \seealso
prepare_Rd: reconstruct.frq.size.Rd:29-31: Dropping empty section \details
prepare_Rd: reconstruct.frq.size.Rd:32-38: Dropping empty section \value
prepare_Rd: reconstruct.frq.size.Rd:46-48: Dropping empty section \note
prepare_Rd: reconstruct.frq.size.Rd:39-41: Dropping empty section \references
prepare_Rd: reconstruct.frq.size.Rd:52-54: Dropping empty section \seealso
prepare_Rd: region_single_frq.Rd:23-25: Dropping empty section \details
prepare_Rd: region_single_frq.Rd:26-32: Dropping empty section \value
prepare_Rd: region_single_frq.Rd:40-42: Dropping empty section \note
prepare_Rd: region_single_frq.Rd:33-35: Dropping empty section \references
prepare_Rd: region_single_frq.Rd:46-48: Dropping empty section \seealso
prepare_Rd: region_single_ini.Rd:20-22: Dropping empty section \details
prepare_Rd: region_single_ini.Rd:23-29: Dropping empty section \value
prepare_Rd: region_single_ini.Rd:37-39: Dropping empty section \note
prepare_Rd: region_single_ini.Rd:30-32: Dropping empty section \references
prepare_Rd: region_single_ini.Rd:43-45: Dropping empty section \seealso
prepare_Rd: region_single_tag.Rd:26-28: Dropping empty section \details
prepare_Rd: region_single_tag.Rd:29-35: Dropping empty section \value
prepare_Rd: region_single_tag.Rd:43-45: Dropping empty section \note
prepare_Rd: region_single_tag.Rd:36-38: Dropping empty section \references
prepare_Rd: region_single_tag.Rd:49-51: Dropping empty section \seealso
prepare_Rd: regroup_fishery_grps.doitall.Rd:29-31: Dropping empty section \details
prepare_Rd: regroup_fishery_grps.doitall.Rd:32-38: Dropping empty section \value
prepare_Rd: regroup_fishery_grps.doitall.Rd:46-48: Dropping empty section \note
prepare_Rd: regroup_fishery_grps.doitall.Rd:39-41: Dropping empty section \references
prepare_Rd: regroup_fishery_grps.doitall.Rd:52-54: Dropping empty section \seealso
prepare_Rd: rename.fisheries.doitall.Rd:26-28: Dropping empty section \details
prepare_Rd: rename.fisheries.doitall.Rd:29-35: Dropping empty section \value
prepare_Rd: rename.fisheries.doitall.Rd:43-45: Dropping empty section \note
prepare_Rd: rename.fisheries.doitall.Rd:36-38: Dropping empty section \references
prepare_Rd: rename.fisheries.doitall.Rd:49-51: Dropping empty section \seealso
prepare_Rd: rename.fisheries.frq.Rd:26-28: Dropping empty section \details
prepare_Rd: rename.fisheries.frq.Rd:29-35: Dropping empty section \value
prepare_Rd: rename.fisheries.frq.Rd:43-45: Dropping empty section \note
prepare_Rd: rename.fisheries.frq.Rd:36-38: Dropping empty section \references
prepare_Rd: rename.fisheries.frq.Rd:49-51: Dropping empty section \seealso
prepare_Rd: rename.fisheries.tag.Rd:26-28: Dropping empty section \details
prepare_Rd: rename.fisheries.tag.Rd:29-35: Dropping empty section \value
prepare_Rd: rename.fisheries.tag.Rd:43-45: Dropping empty section \note
prepare_Rd: rename.fisheries.tag.Rd:36-38: Dropping empty section \references
prepare_Rd: rename.fisheries.tag.Rd:49-51: Dropping empty section \seealso
prepare_Rd: rename.fishery.grps.doitall.Rd:35-37: Dropping empty section \details
prepare_Rd: rename.fishery.grps.doitall.Rd:38-44: Dropping empty section \value
prepare_Rd: rename.fishery.grps.doitall.Rd:52-54: Dropping empty section \note
prepare_Rd: rename.fishery.grps.doitall.Rd:45-47: Dropping empty section \references
prepare_Rd: rename.fishery.grps.doitall.Rd:58-60: Dropping empty section \seealso
prepare_Rd: retro.frq.Rd:23-25: Dropping empty section \details
prepare_Rd: retro.frq.Rd:26-32: Dropping empty section \value
prepare_Rd: retro.frq.Rd:40-42: Dropping empty section \note
prepare_Rd: retro.frq.Rd:33-35: Dropping empty section \references
prepare_Rd: retro.frq.Rd:46-48: Dropping empty section \seealso
prepare_Rd: retro.tag.Rd:23-25: Dropping empty section \details
prepare_Rd: retro.tag.Rd:26-32: Dropping empty section \value
prepare_Rd: retro.tag.Rd:40-42: Dropping empty section \note
prepare_Rd: retro.tag.Rd:33-35: Dropping empty section \references
prepare_Rd: retro.tag.Rd:46-48: Dropping empty section \seealso
prepare_Rd: rm_fisheries.doitall.Rd:23-25: Dropping empty section \details
prepare_Rd: rm_fisheries.doitall.Rd:26-32: Dropping empty section \value
prepare_Rd: rm_fisheries.doitall.Rd:40-42: Dropping empty section \note
prepare_Rd: rm_fisheries.doitall.Rd:33-35: Dropping empty section \references
prepare_Rd: rm_fisheries.doitall.Rd:46-48: Dropping empty section \seealso
prepare_Rd: rm_fisheries.frq.Rd:23-25: Dropping empty section \details
prepare_Rd: rm_fisheries.frq.Rd:26-32: Dropping empty section \value
prepare_Rd: rm_fisheries.frq.Rd:40-42: Dropping empty section \note
prepare_Rd: rm_fisheries.frq.Rd:33-35: Dropping empty section \references
prepare_Rd: rm_fisheries.frq.Rd:46-48: Dropping empty section \seealso
prepare_Rd: rm_fisheries.tag.Rd:23-25: Dropping empty section \details
prepare_Rd: rm_fisheries.tag.Rd:26-32: Dropping empty section \value
prepare_Rd: rm_fisheries.tag.Rd:40-42: Dropping empty section \note
prepare_Rd: rm_fisheries.tag.Rd:33-35: Dropping empty section \references
prepare_Rd: rm_fisheries.tag.Rd:46-48: Dropping empty section \seealso
prepare_Rd: rm_fishflag.Rd:23-25: Dropping empty section \details
prepare_Rd: rm_fishflag.Rd:26-32: Dropping empty section \value
prepare_Rd: rm_fishflag.Rd:40-42: Dropping empty section \note
prepare_Rd: rm_fishflag.Rd:33-35: Dropping empty section \references
prepare_Rd: rm_fishflag.Rd:46-48: Dropping empty section \seealso
prepare_Rd: rm_flag.doitall.Rd:29-31: Dropping empty section \details
prepare_Rd: rm_flag.doitall.Rd:32-38: Dropping empty section \value
prepare_Rd: rm_flag.doitall.Rd:46-48: Dropping empty section \note
prepare_Rd: rm_flag.doitall.Rd:39-41: Dropping empty section \references
prepare_Rd: rm_flag.doitall.Rd:52-54: Dropping empty section \seealso
prepare_Rd: run.profile.Rd:38-40: Dropping empty section \details
prepare_Rd: run.profile.Rd:41-47: Dropping empty section \value
prepare_Rd: run.profile.Rd:55-57: Dropping empty section \note
prepare_Rd: run.profile.Rd:48-50: Dropping empty section \references
prepare_Rd: run.profile.Rd:61-63: Dropping empty section \seealso
prepare_Rd: seas.flag.Rd:29-31: Dropping empty section \details
prepare_Rd: seas.flag.Rd:32-38: Dropping empty section \value
prepare_Rd: seas.flag.Rd:46-48: Dropping empty section \note
prepare_Rd: seas.flag.Rd:39-41: Dropping empty section \references
prepare_Rd: seas.flag.Rd:52-54: Dropping empty section \seealso
prepare_Rd: seas.frq.Rd:23-25: Dropping empty section \details
prepare_Rd: seas.frq.Rd:26-32: Dropping empty section \value
prepare_Rd: seas.frq.Rd:40-42: Dropping empty section \note
prepare_Rd: seas.frq.Rd:33-35: Dropping empty section \references
prepare_Rd: seas.frq.Rd:46-48: Dropping empty section \seealso
prepare_Rd: seas.tag.Rd:23-25: Dropping empty section \details
prepare_Rd: seas.tag.Rd:26-32: Dropping empty section \value
prepare_Rd: seas.tag.Rd:40-42: Dropping empty section \note
prepare_Rd: seas.tag.Rd:33-35: Dropping empty section \references
prepare_Rd: seas.tag.Rd:46-48: Dropping empty section \seealso
prepare_Rd: setup.LFwt.Rd:24-26: Dropping empty section \details
prepare_Rd: setup.LFwt.Rd:27-33: Dropping empty section \value
prepare_Rd: setup.LFwt.Rd:41-43: Dropping empty section \note
prepare_Rd: setup.LFwt.Rd:34-36: Dropping empty section \references
prepare_Rd: setup.LFwt.Rd:47-49: Dropping empty section \seealso
prepare_Rd: setup.M.Rd:24-26: Dropping empty section \details
prepare_Rd: setup.M.Rd:27-33: Dropping empty section \value
prepare_Rd: setup.M.Rd:41-43: Dropping empty section \note
prepare_Rd: setup.M.Rd:34-36: Dropping empty section \references
prepare_Rd: setup.M.Rd:47-49: Dropping empty section \seealso
prepare_Rd: setup.cpue.Rd:30-32: Dropping empty section \details
prepare_Rd: setup.cpue.Rd:33-39: Dropping empty section \value
prepare_Rd: setup.cpue.Rd:47-49: Dropping empty section \note
prepare_Rd: setup.cpue.Rd:40-42: Dropping empty section \references
prepare_Rd: setup.cpue.Rd:53-55: Dropping empty section \seealso
prepare_Rd: setup.effcreep.Rd:24-26: Dropping empty section \details
prepare_Rd: setup.effcreep.Rd:27-33: Dropping empty section \value
prepare_Rd: setup.effcreep.Rd:41-43: Dropping empty section \note
prepare_Rd: setup.effcreep.Rd:34-36: Dropping empty section \references
prepare_Rd: setup.effcreep.Rd:47-49: Dropping empty section \seealso
prepare_Rd: setup.growth.Rd:24-26: Dropping empty section \details
prepare_Rd: setup.growth.Rd:27-33: Dropping empty section \value
prepare_Rd: setup.growth.Rd:41-43: Dropping empty section \note
prepare_Rd: setup.growth.Rd:34-36: Dropping empty section \references
prepare_Rd: setup.growth.Rd:47-49: Dropping empty section \seealso
prepare_Rd: setup.growth.offsets.Rd:33-35: Dropping empty section \details
prepare_Rd: setup.growth.offsets.Rd:36-42: Dropping empty section \value
prepare_Rd: setup.growth.offsets.Rd:50-52: Dropping empty section \note
prepare_Rd: setup.growth.offsets.Rd:43-45: Dropping empty section \references
prepare_Rd: setup.growth.offsets.Rd:56-58: Dropping empty section \seealso
prepare_Rd: setup.idphcatch.Rd:30-32: Dropping empty section \details
prepare_Rd: setup.idphcatch.Rd:33-39: Dropping empty section \value
prepare_Rd: setup.idphcatch.Rd:47-49: Dropping empty section \note
prepare_Rd: setup.idphcatch.Rd:40-42: Dropping empty section \references
prepare_Rd: setup.idphcatch.Rd:53-55: Dropping empty section \seealso
prepare_Rd: setup.lensel.Rd:27-29: Dropping empty section \details
prepare_Rd: setup.lensel.Rd:30-36: Dropping empty section \value
prepare_Rd: setup.lensel.Rd:44-46: Dropping empty section \note
prepare_Rd: setup.lensel.Rd:37-39: Dropping empty section \references
prepare_Rd: setup.lensel.Rd:50-52: Dropping empty section \seealso
prepare_Rd: setup.pscatch.Rd:30-32: Dropping empty section \details
prepare_Rd: setup.pscatch.Rd:33-39: Dropping empty section \value
prepare_Rd: setup.pscatch.Rd:47-49: Dropping empty section \note
prepare_Rd: setup.pscatch.Rd:40-42: Dropping empty section \references
prepare_Rd: setup.pscatch.Rd:53-55: Dropping empty section \seealso
prepare_Rd: setup.startyr.Rd:24-26: Dropping empty section \details
prepare_Rd: setup.startyr.Rd:27-33: Dropping empty section \value
prepare_Rd: setup.startyr.Rd:41-43: Dropping empty section \note
prepare_Rd: setup.startyr.Rd:34-36: Dropping empty section \references
prepare_Rd: setup.startyr.Rd:47-49: Dropping empty section \seealso
prepare_Rd: setup.steepness.Rd:24-26: Dropping empty section \details
prepare_Rd: setup.steepness.Rd:27-33: Dropping empty section \value
prepare_Rd: setup.steepness.Rd:41-43: Dropping empty section \note
prepare_Rd: setup.steepness.Rd:34-36: Dropping empty section \references
prepare_Rd: setup.steepness.Rd:47-49: Dropping empty section \seealso
prepare_Rd: setup.timesplit.Rd:27-29: Dropping empty section \details
prepare_Rd: setup.timesplit.Rd:30-36: Dropping empty section \value
prepare_Rd: setup.timesplit.Rd:44-46: Dropping empty section \note
prepare_Rd: setup.timesplit.Rd:37-39: Dropping empty section \references
prepare_Rd: setup.timesplit.Rd:50-52: Dropping empty section \seealso
prepare_Rd: sort.frq.Rd:20-22: Dropping empty section \details
prepare_Rd: sort.frq.Rd:23-29: Dropping empty section \value
prepare_Rd: sort.frq.Rd:37-39: Dropping empty section \note
prepare_Rd: sort.frq.Rd:30-32: Dropping empty section \references
prepare_Rd: sort.frq.Rd:43-45: Dropping empty section \seealso
prepare_Rd: start_year.frq.Rd:26-28: Dropping empty section \details
prepare_Rd: start_year.frq.Rd:29-35: Dropping empty section \value
prepare_Rd: start_year.frq.Rd:43-45: Dropping empty section \note
prepare_Rd: start_year.frq.Rd:36-38: Dropping empty section \references
prepare_Rd: start_year.frq.Rd:49-51: Dropping empty section \seealso
prepare_Rd: steepness.doit.Rd:30-32: Dropping empty section \details
prepare_Rd: steepness.doit.Rd:33-39: Dropping empty section \value
prepare_Rd: steepness.doit.Rd:47-49: Dropping empty section \note
prepare_Rd: steepness.doit.Rd:40-42: Dropping empty section \references
prepare_Rd: steepness.doit.Rd:53-55: Dropping empty section \seealso
prepare_Rd: summarise.size.frq.bet.Rd:24-26: Dropping empty section \details
prepare_Rd: summarise.size.frq.bet.Rd:27-33: Dropping empty section \value
prepare_Rd: summarise.size.frq.bet.Rd:41-43: Dropping empty section \note
prepare_Rd: summarise.size.frq.bet.Rd:34-36: Dropping empty section \references
prepare_Rd: summarise.size.frq.bet.Rd:47-49: Dropping empty section \seealso
prepare_Rd: tag_grps_rm.Rd:23-25: Dropping empty section \details
prepare_Rd: tag_grps_rm.Rd:26-32: Dropping empty section \value
prepare_Rd: tag_grps_rm.Rd:40-42: Dropping empty section \note
prepare_Rd: tag_grps_rm.Rd:33-35: Dropping empty section \references
prepare_Rd: tag_grps_rm.Rd:46-48: Dropping empty section \seealso
prepare_Rd: timesplit.doitall.Rd:27-29: Dropping empty section \details
prepare_Rd: timesplit.doitall.Rd:30-36: Dropping empty section \value
prepare_Rd: timesplit.doitall.Rd:44-46: Dropping empty section \note
prepare_Rd: timesplit.doitall.Rd:37-39: Dropping empty section \references
prepare_Rd: timesplit.doitall.Rd:50-52: Dropping empty section \seealso
prepare_Rd: timesplit.frq.Rd:27-29: Dropping empty section \details
prepare_Rd: timesplit.frq.Rd:30-36: Dropping empty section \value
prepare_Rd: timesplit.frq.Rd:44-46: Dropping empty section \note
prepare_Rd: timesplit.frq.Rd:37-39: Dropping empty section \references
prepare_Rd: timesplit.frq.Rd:50-52: Dropping empty section \seealso
prepare_Rd: timesplit.tag.Rd:24-26: Dropping empty section \details
prepare_Rd: timesplit.tag.Rd:27-33: Dropping empty section \value
prepare_Rd: timesplit.tag.Rd:41-43: Dropping empty section \note
prepare_Rd: timesplit.tag.Rd:34-36: Dropping empty section \references
prepare_Rd: timesplit.tag.Rd:47-49: Dropping empty section \seealso
prepare_Rd: varfromstr.Rd:7-9: Dropping empty section \description
prepare_Rd: varfromstr.Rd:22-24: Dropping empty section \details
prepare_Rd: varfromstr.Rd:25-31: Dropping empty section \value
prepare_Rd: varfromstr.Rd:39-41: Dropping empty section \note
prepare_Rd: varfromstr.Rd:32-34: Dropping empty section \references
prepare_Rd: varfromstr.Rd:45-47: Dropping empty section \seealso
checkRd: (5) varfromstr.Rd:0-58: Must have a \description
prepare_Rd: write.frq.Rd:23-25: Dropping empty section \details
prepare_Rd: write.frq.Rd:26-32: Dropping empty section \value
prepare_Rd: write.frq.Rd:40-42: Dropping empty section \note
prepare_Rd: write.frq.Rd:33-35: Dropping empty section \references
prepare_Rd: write.frq.Rd:46-48: Dropping empty section \seealso
prepare_Rd: write.ini.Rd:26-28: Dropping empty section \details
prepare_Rd: write.ini.Rd:29-35: Dropping empty section \value
prepare_Rd: write.ini.Rd:43-45: Dropping empty section \note
prepare_Rd: write.ini.Rd:36-38: Dropping empty section \references
prepare_Rd: write.ini.Rd:49-51: Dropping empty section \seealso
prepare_Rd: write.par.Rd:23-25: Dropping empty section \details
prepare_Rd: write.par.Rd:26-32: Dropping empty section \value
prepare_Rd: write.par.Rd:40-42: Dropping empty section \note
prepare_Rd: write.par.Rd:33-35: Dropping empty section \references
prepare_Rd: write.par.Rd:46-48: Dropping empty section \seealso
prepare_Rd: write.tag.Rd:23-25: Dropping empty section \details
prepare_Rd: write.tag.Rd:26-32: Dropping empty section \value
prepare_Rd: write.tag.Rd:40-42: Dropping empty section \note
prepare_Rd: write.tag.Rd:33-35: Dropping empty section \references
prepare_Rd: write.tag.Rd:46-48: Dropping empty section \seealso
prepare_Rd: write_nmd.frq.Rd:23-25: Dropping empty section \details
prepare_Rd: write_nmd.frq.Rd:26-32: Dropping empty section \value
prepare_Rd: write_nmd.frq.Rd:40-42: Dropping empty section \note
prepare_Rd: write_nmd.frq.Rd:33-35: Dropping empty section \references
prepare_Rd: write_nmd.frq.Rd:46-48: Dropping empty section \seealso
* checking Rd metadata ... OK
* checking Rd cross-references ... OK
* checking for missing documentation entries ... WARNING
Undocumented code objects:
  'get.outcomes.test'
Undocumented data sets:
  'alb_MFCL' 'eez2new' 'flaglist' 'skj_MFCL'
All user-level objects in a package should have documentation entries.
See the chapter 'Writing R documentation files' in the 'Writing R
Extensions' manual.
* checking for code/documentation mismatches ... WARNING
Functions or methods with usage in documentation object 'get.outcomes' but not in code:
  get.outcomes

Functions or methods with usage in documentation object 'plot.mfcl.betyft09' but not in code:
  plot.mfcl.betyft09

Functions or methods with usage in documentation object 'plot.pacific.alb' but not in code:
  plot.pacific.alb

Functions or methods with usage in documentation object 'plot.pacific.skj' but not in code:
  plot.pacific.skj

Functions or methods with usage in documentation object 'plot.pacific.yft' but not in code:
  plot.pacific.yft

Codoc mismatches from documentation object 'setup.LFwt':
setup.LFwt
  Code: function(rungrp, newLFwt, fisheries = -999)
  Docs: function(rungrp, newLFwt)
  Argument names in code not in docs:
    fisheries

Codoc mismatches from documentation object 'setup.idphcatch':
setup.idphcatch
  Code: function(rungrp, fisheries = c(19, 24), sourcedir, idph, spp)
  Docs: function(rungrp, sourcedir, idph, spp)
  Argument names in code not in docs:
    fisheries
  Mismatches in argument names:
    Position: 2 Code: fisheries Docs: sourcedir
    Position: 3 Code: sourcedir Docs: idph
    Position: 4 Code: idph Docs: spp

* checking Rd \usage sections ... NOTE
S3 methods shown with full name in documentation object 'merge.frq':
  'merge.frq'

S3 methods shown with full name in documentation object 'merge.tag':
  'merge.tag'

S3 methods shown with full name in documentation object 'plot.F.time':
  'plot.F.time'

S3 methods shown with full name in documentation object 'plot.Kobe':
  'plot.Kobe'

S3 methods shown with full name in documentation object 'plot.Kobe.template.bw':
  'plot.Kobe.template.bw'

S3 methods shown with full name in documentation object 'plot.Kobe.template.col':
  'plot.Kobe.template.col'

S3 methods shown with full name in documentation object 'plot.base.comparison':
  'plot.base.comparison'

S3 methods shown with full name in documentation object 'plot.biomass':
  'plot.biomass'

S3 methods shown with full name in documentation object 'plot.biomass.combined':
  'plot.biomass.combined'

S3 methods shown with full name in documentation object 'plot.fishery.impact.r':
  'plot.fishery.impact.r'

S3 methods shown with full name in documentation object 'plot.nofishing':
  'plot.nofishing'

S3 methods shown with full name in documentation object 'plot.nofishing.combined':
  'plot.nofishing.combined'

S3 methods shown with full name in documentation object 'plot.pacific.WCPFC':
  'plot.pacific.WCPFC'

S3 methods shown with full name in documentation object 'plot.pacific.species':
  'plot.pacific.species'

S3 methods shown with full name in documentation object 'plot.recruitment':
  'plot.recruitment'

S3 methods shown with full name in documentation object 'plot.recruitment.combined':
  'plot.recruitment.combined'

S3 methods shown with full name in documentation object 'sort.frq':
  'sort.frq'

The \usage entries for S3 methods should use the \method markup and not
their full name.
See the chapter 'Writing R documentation files' in the 'Writing R
Extensions' manual.
* checking Rd contents ... OK
* checking for unstated dependencies in examples ... OK
* checking contents of 'data' directory ... OK
* checking data for non-ASCII characters ... WARNING
  Warning: found non-ASCII strings
  'alt. VB growth parameterization  gmlxx' in object 'flaglist'
  'rel. to age pars(4) (growth devs)  gml' in object 'flaglist'
  'seasonal growth  under construction [4.5.4]' in object 'flaglist'
* checking data for ASCII and uncompressed saves ... WARNING
  
  Note: significantly better compression could be obtained
        by using R CMD build --resave-data
                 old_size new_size compress
  alb_MFCL.RData    628Kb    439Kb       xz
  eez2new.RData      18Kb     12Kb       xz
  skj_MFCL.RData    475Kb    368Kb       xz
* checking examples ... OK
* checking PDF version of manual ... OK
WARNING: There were 7 warnings.
NOTE: There were 3 notes.
